<?xml version="1.0" encoding="UTF-8"?>
<!-- Generated by org.testng.reporters.JUnitReportReporter -->
<testsuite hostname="RAJENDRA" failures="0" tests="4" name="com.sgtesting.calculator.testcases.MultiplicationTestcases" time="0.010" errors="0" timestamp="2022-11-18T14:33:58 IST" skipped="0">
  <testcase classname="com.sgtesting.calculator.testcases.MultiplicationTestcases" name="multiplyPositiveAndZeroNumbers" time="0.002"/>
  <system-out/>
  <testcase classname="com.sgtesting.calculator.testcases.MultiplicationTestcases" name="multiplyTwoPositiveNumbers" time="0.002"/>
  <system-out/>
  <testcase classname="com.sgtesting.calculator.testcases.MultiplicationTestcases" name="multiplyTwoNegativeNumbers" time="0.005"/>
  <system-out/>
  <testcase classname="com.sgtesting.calculator.testcases.MultiplicationTestcases" name="multiplyPositiveAndNegativeNumbers" time="0.001"/>
  <system-out/>
</testsuite> <!-- com.sgtesting.calculator.testcases.MultiplicationTestcases -->
