<?xml version="1.0" encoding="UTF-8"?>
<!-- Generated by org.testng.reporters.JUnitReportReporter -->
<testsuite hostname="RAJENDRA" failures="0" tests="4" name="com.sgtesting.calculator.testcases.SubstractionTestcases" time="0.014" errors="0" timestamp="2022-11-18T17:20:05 IST" skipped="0">
  <testcase classname="com.sgtesting.calculator.testcases.SubstractionTestcases" name="substractTwoPositiveNumbers" time="0.001"/>
  <system-out/>
  <testcase classname="com.sgtesting.calculator.testcases.SubstractionTestcases" name="substractPositiveAndNegativeNumbers" time="0.010"/>
  <system-out/>
  <testcase classname="com.sgtesting.calculator.testcases.SubstractionTestcases" name="substractPositiveAndZeroNumbers" time="0.002"/>
  <system-out/>
  <testcase classname="com.sgtesting.calculator.testcases.SubstractionTestcases" name="substractTwoNegativeNumbers" time="0.001"/>
  <system-out/>
</testsuite> <!-- com.sgtesting.calculator.testcases.SubstractionTestcases -->
