<?xml version="1.0" encoding="UTF-8"?>
<!-- Generated by org.testng.reporters.JUnitReportReporter -->
<testsuite hostname="RAJENDRA" failures="0" tests="9" name="loginlogoutscenario.Assignment02" time="39.194" errors="0" timestamp="2022-11-12T22:58:38 IST" skipped="0">
  <testcase classname="loginlogoutscenario.Assignment02" name="launchbrowser" time="1.795"/>
  <system-out/>
  <testcase classname="loginlogoutscenario.Assignment02" name="navigate" time="5.767"/>
  <system-out/>
  <testcase classname="loginlogoutscenario.Assignment02" name="login" time="5.238"/>
  <system-out/>
  <testcase classname="loginlogoutscenario.Assignment02" name="minimize" time="5.080"/>
  <system-out/>
  <testcase classname="loginlogoutscenario.Assignment02" name="CreateUser" time="11.319"/>
  <system-out/>
  <testcase classname="loginlogoutscenario.Assignment02" name="ModifyUser" time="7.379"/>
  <system-out/>
  <testcase classname="loginlogoutscenario.Assignment02" name="DeleteUser" time="1.105"/>
  <system-out/>
  <testcase classname="loginlogoutscenario.Assignment02" name="Logout" time="1.121"/>
  <system-out/>
  <testcase classname="loginlogoutscenario.Assignment02" name="CloseApplication" time="0.390"/>
  <system-out/>
</testsuite> <!-- loginlogoutscenario.Assignment02 -->
