<?xml version="1.0" encoding="UTF-8"?>
<!-- Generated by org.testng.reporters.JUnitReportReporter -->
<testsuite hostname="RAJENDRA" failures="0" tests="7" name="loginlogoutscenario.Assignments6" time="37.287" errors="0" timestamp="2022-11-13T00:47:01 IST" skipped="0">
  <testcase classname="loginlogoutscenario.Assignments6" name="launchbrowser" time="1.751"/>
  <system-out/>
  <testcase classname="loginlogoutscenario.Assignments6" name="navigation" time="0.916"/>
  <system-out/>
  <testcase classname="loginlogoutscenario.Assignments6" name="login" time="2.175"/>
  <system-out/>
  <testcase classname="loginlogoutscenario.Assignments6" name="adduser" time="0.009"/>
  <system-out/>
  <testcase classname="loginlogoutscenario.Assignments6" name="deleteproject" time="0.011"/>
  <system-out/>
  <testcase classname="loginlogoutscenario.Assignments6" name="logoutApplication" time="0.012"/>
  <system-out/>
  <testcase classname="loginlogoutscenario.Assignments6" name="closeapp" time="32.413"/>
  <system-out/>
</testsuite> <!-- loginlogoutscenario.Assignments6 -->
