<?xml version="1.0" encoding="UTF-8"?>
<!-- Generated by org.testng.reporters.JUnitReportReporter -->
<testsuite hostname="RAJENDRA" failures="0" tests="6" name="loginlogoutscenario.Assignment2" time="25.999" errors="0" timestamp="2022-11-12T22:34:47 IST" skipped="0">
  <testcase classname="loginlogoutscenario.Assignment2" name="launchBrowser" time="3.727"/>
  <system-out/>
  <testcase classname="loginlogoutscenario.Assignment2" name="navigate" time="5.991"/>
  <system-out/>
  <testcase classname="loginlogoutscenario.Assignment2" name="login" time="8.409"/>
  <system-out/>
  <testcase classname="loginlogoutscenario.Assignment2" name="minimizeFlyOutwindow" time="2.140"/>
  <system-out/>
  <testcase classname="loginlogoutscenario.Assignment2" name="logout" time="2.355"/>
  <system-out/>
  <testcase classname="loginlogoutscenario.Assignment2" name="closeApp" time="3.377"/>
  <system-out/>
</testsuite> <!-- loginlogoutscenario.Assignment2 -->
