<?xml version="1.0" encoding="UTF-8"?>
<!-- Generated by org.testng.reporters.JUnitReportReporter -->
<testsuite hostname="RAJENDRA" failures="0" tests="36" name="loginlogoutscenario.Assignment3" time="185.982" errors="0" timestamp="2022-11-15T12:42:52 IST" skipped="0">
  <testcase classname="loginlogoutscenario.Assignment3" name="launchBrowser" time="3.133"/>
  <system-out/>
  <testcase classname="loginlogoutscenario.Assignment3" name="navigate" time="7.951"/>
  <system-out/>
  <testcase classname="loginlogoutscenario.Assignment3" name="login" time="5.250"/>
  <system-out/>
  <testcase classname="loginlogoutscenario.Assignment3" name="minimizeFlyOutwindow" time="2.138"/>
  <system-out/>
  <testcase classname="loginlogoutscenario.Assignment3" name="User1" time="16.145"/>
  <system-out/>
  <testcase classname="loginlogoutscenario.Assignment3" name="User2" time="12.653"/>
  <system-out/>
  <testcase classname="loginlogoutscenario.Assignment3" name="User3" time="12.679"/>
  <system-out/>
  <testcase classname="loginlogoutscenario.Assignment3" name="Logout" time="2.226"/>
  <system-out/>
  <testcase classname="loginlogoutscenario.Assignment3" name="LoginUser1" time="2.287"/>
  <system-out/>
  <testcase classname="loginlogoutscenario.Assignment3" name="Logoutuser1" time="3.239"/>
  <system-out/>
  <testcase classname="loginlogoutscenario.Assignment3" name="LoginUser2" time="2.504"/>
  <system-out/>
  <testcase classname="loginlogoutscenario.Assignment3" name="Logoutuser2" time="3.261"/>
  <system-out/>
  <testcase classname="loginlogoutscenario.Assignment3" name="LoginUser3" time="2.251"/>
  <system-out/>
  <testcase classname="loginlogoutscenario.Assignment3" name="Logoutuser3" time="0.029"/>
  <system-out/>
  <testcase classname="loginlogoutscenario.Assignment3" name="SecontimeLoginUser1" time="2.206"/>
  <system-out/>
  <testcase classname="loginlogoutscenario.Assignment3" name="Modifyuser1" time="10.873"/>
  <system-out/>
  <testcase classname="loginlogoutscenario.Assignment3" name="SecondtimeLogoutuser1" time="2.192"/>
  <system-out/>
  <testcase classname="loginlogoutscenario.Assignment3" name="SecondtimeLoginUser2" time="2.251"/>
  <system-out/>
  <testcase classname="loginlogoutscenario.Assignment3" name="Modifyuser2" time="10.790"/>
  <system-out/>
  <testcase classname="loginlogoutscenario.Assignment3" name="SecondtimeLogoutuser2" time="2.227"/>
  <system-out/>
  <testcase classname="loginlogoutscenario.Assignment3" name="SecondtimeLoginUser3" time="2.196"/>
  <system-out/>
  <testcase classname="loginlogoutscenario.Assignment3" name="Modifyuser3" time="0.027"/>
  <system-out/>
  <testcase classname="loginlogoutscenario.Assignment3" name="SecondtimeLogoutuser3" time="0.025"/>
  <system-out/>
  <testcase classname="loginlogoutscenario.Assignment3" name="SecondtimeadminLogin" time="2.194"/>
  <system-out/>
  <testcase classname="loginlogoutscenario.Assignment3" name="AdminModifyuser1" time="31.943"/>
  <system-out/>
  <testcase classname="loginlogoutscenario.Assignment3" name="SecondtimeAdminlogout" time="2.302"/>
  <system-out/>
  <testcase classname="loginlogoutscenario.Assignment3" name="ThirdtimeLoginUser1" time="2.257"/>
  <system-out/>
  <testcase classname="loginlogoutscenario.Assignment3" name="Thirdtimeuser1logout" time="2.282"/>
  <system-out/>
  <testcase classname="loginlogoutscenario.Assignment3" name="ThirdtimeLoginUser2" time="2.236"/>
  <system-out/>
  <testcase classname="loginlogoutscenario.Assignment3" name="Thirdtimeuser2logout" time="2.256"/>
  <system-out/>
  <testcase classname="loginlogoutscenario.Assignment3" name="ThirdtimeLoginUser3" time="2.215"/>
  <system-out/>
  <testcase classname="loginlogoutscenario.Assignment3" name="Thirdtimeuser3logout" time="0.026"/>
  <system-out/>
  <testcase classname="loginlogoutscenario.Assignment3" name="thirdtimeadminLogin" time="2.297"/>
  <system-out/>
  <testcase classname="loginlogoutscenario.Assignment3" name="DeleteUesers" time="21.750"/>
  <system-out/>
  <testcase classname="loginlogoutscenario.Assignment3" name="ThirdtimeAdminlogout" time="2.437"/>
  <system-out/>
  <testcase classname="loginlogoutscenario.Assignment3" name="CloseBrowser" time="3.254"/>
  <system-out/>
</testsuite> <!-- loginlogoutscenario.Assignment3 -->
