<?xml version="1.0" encoding="UTF-8"?>
<!-- Generated by org.testng.reporters.JUnitReportReporter -->
<testsuite hostname="RAJENDRA" failures="0" tests="10" name="loginlogoutscenario.CreateProject6$CreateProject" time="43.775" errors="0" timestamp="2022-11-15T14:51:52 IST" skipped="0">
  <testcase classname="loginlogoutscenario.CreateProject6$CreateProject" name="launchBrowser" time="1.875"/>
  <system-out/>
  <testcase classname="loginlogoutscenario.CreateProject6$CreateProject" name="navigate" time="5.644"/>
  <system-out/>
  <testcase classname="loginlogoutscenario.CreateProject6$CreateProject" name="login" time="5.238"/>
  <system-out/>
  <testcase classname="loginlogoutscenario.CreateProject6$CreateProject" name="minimizeFlyOutwindow" time="4.080"/>
  <system-out/>
  <testcase classname="loginlogoutscenario.CreateProject6$CreateProject" name="createCustomer" time="5.918"/>
  <system-out/>
  <testcase classname="loginlogoutscenario.CreateProject6$CreateProject" name="createProject" time="10.285"/>
  <system-out/>
  <testcase classname="loginlogoutscenario.CreateProject6$CreateProject" name="deleteProject" time="8.242"/>
  <system-out/>
  <testcase classname="loginlogoutscenario.CreateProject6$CreateProject" name="deleteCustomer" time="0.036"/>
  <system-out/>
  <testcase classname="loginlogoutscenario.CreateProject6$CreateProject" name="logout" time="2.209"/>
  <system-out/>
  <testcase classname="loginlogoutscenario.CreateProject6$CreateProject" name="closeApp" time="0.248"/>
  <system-out/>
</testsuite> <!-- loginlogoutscenario.CreateProject6$CreateProject -->
