<?xml version="1.0" encoding="UTF-8"?>
<!-- Generated by org.testng.reporters.JUnitReportReporter -->
<testsuite hostname="RAJENDRA" failures="0" tests="8" name="loginlogoutscenario.CreateCustomer4" time="35.636" errors="0" timestamp="2022-11-15T14:23:57 IST" skipped="0">
  <testcase classname="loginlogoutscenario.CreateCustomer4" name="launchBrowser" time="3.723"/>
  <system-out/>
  <testcase classname="loginlogoutscenario.CreateCustomer4" name="navigate" time="6.666"/>
  <system-out/>
  <testcase classname="loginlogoutscenario.CreateCustomer4" name="login" time="5.274"/>
  <system-out/>
  <testcase classname="loginlogoutscenario.CreateCustomer4" name="minimizeFlyOutwindow" time="4.140"/>
  <system-out/>
  <testcase classname="loginlogoutscenario.CreateCustomer4" name="createCustomer" time="6.548"/>
  <system-out/>
  <testcase classname="loginlogoutscenario.CreateCustomer4" name="deleteCustomer" time="6.448"/>
  <system-out/>
  <testcase classname="loginlogoutscenario.CreateCustomer4" name="logout" time="2.390"/>
  <system-out/>
  <testcase classname="loginlogoutscenario.CreateCustomer4" name="closeApp" time="0.447"/>
  <system-out/>
</testsuite> <!-- loginlogoutscenario.CreateCustomer4 -->
