<?xml version="1.0" encoding="UTF-8"?>
<!-- Generated by org.testng.reporters.JUnitReportReporter -->
<testsuite hostname="RAJENDRA" failures="0" tests="8" name="loginlogoutscenario.CreateUsers1" time="40.749" errors="0" timestamp="2022-11-15T15:11:49 IST" skipped="0">
  <testcase classname="loginlogoutscenario.CreateUsers1" name="launchBrowser" time="1.544"/>
  <system-out/>
  <testcase classname="loginlogoutscenario.CreateUsers1" name="navigate" time="5.754"/>
  <system-out/>
  <testcase classname="loginlogoutscenario.CreateUsers1" name="login" time="5.213"/>
  <system-out/>
  <testcase classname="loginlogoutscenario.CreateUsers1" name="minimizeFlyOutwindow" time="2.100"/>
  <system-out/>
  <testcase classname="loginlogoutscenario.CreateUsers1" name="createUser" time="16.481"/>
  <system-out/>
  <testcase classname="loginlogoutscenario.CreateUsers1" name="deleteUser" time="7.191"/>
  <system-out/>
  <testcase classname="loginlogoutscenario.CreateUsers1" name="logout" time="2.218"/>
  <system-out/>
  <testcase classname="loginlogoutscenario.CreateUsers1" name="closeApp" time="0.248"/>
  <system-out/>
</testsuite> <!-- loginlogoutscenario.CreateUsers1 -->
