<?xml version="1.0" encoding="UTF-8"?>
<!-- Generated by org.testng.reporters.JUnitReportReporter -->
<testsuite hostname="RAJENDRA" failures="0" tests="9" name="loginlogoutscenario.Assignment4" time="29.297" errors="0" timestamp="2022-11-13T00:07:04 IST" skipped="0">
  <testcase classname="loginlogoutscenario.Assignment4" name="launchbrowser" time="1.902"/>
  <system-out/>
  <testcase classname="loginlogoutscenario.Assignment4" name="navigate" time="5.739"/>
  <system-out/>
  <testcase classname="loginlogoutscenario.Assignment4" name="login" time="6.328"/>
  <system-out/>
  <testcase classname="loginlogoutscenario.Assignment4" name="clickontask" time="3.412"/>
  <system-out/>
  <testcase classname="loginlogoutscenario.Assignment4" name="addnew" time="3.106"/>
  <system-out/>
  <testcase classname="loginlogoutscenario.Assignment4" name="createcustomber" time="6.292"/>
  <system-out/>
  <testcase classname="loginlogoutscenario.Assignment4" name="deletecustomer" time="1.170"/>
  <system-out/>
  <testcase classname="loginlogoutscenario.Assignment4" name="logout" time="1.131"/>
  <system-out/>
  <testcase classname="loginlogoutscenario.Assignment4" name="closeapp" time="0.217"/>
  <system-out/>
</testsuite> <!-- loginlogoutscenario.Assignment4 -->
