<?xml version="1.0" encoding="UTF-8"?>
<!-- Generated by org.testng.reporters.JUnitReportReporter -->
<testsuite hostname="RAJENDRA" failures="0" tests="6" name="loginlogoutscenario.LoginLogoutDemo" time="18.147" errors="0" timestamp="2022-11-12T22:37:59 IST" skipped="0">
  <testcase classname="loginlogoutscenario.LoginLogoutDemo" name="launchBrowser" time="1.687"/>
  <system-out/>
  <testcase classname="loginlogoutscenario.LoginLogoutDemo" name="navigate" time="6.601"/>
  <system-out/>
  <testcase classname="loginlogoutscenario.LoginLogoutDemo" name="login" time="5.241"/>
  <system-out/>
  <testcase classname="loginlogoutscenario.LoginLogoutDemo" name="minimizeFlyOutwindow" time="2.112"/>
  <system-out/>
  <testcase classname="loginlogoutscenario.LoginLogoutDemo" name="logout" time="2.242"/>
  <system-out/>
  <testcase classname="loginlogoutscenario.LoginLogoutDemo" name="closeApp" time="0.264"/>
  <system-out/>
</testsuite> <!-- loginlogoutscenario.LoginLogoutDemo -->
