<?xml version="1.0" encoding="UTF-8"?>
<!-- Generated by org.testng.reporters.JUnitReportReporter -->
<testsuite hostname="RAJENDRA" failures="0" tests="9" name="loginlogoutscenario.CustomerModify5" time="33.881" errors="0" timestamp="2022-11-15T15:28:01 IST" skipped="0">
  <testcase classname="loginlogoutscenario.CustomerModify5" name="launchBrowser" time="2.056"/>
  <system-out/>
  <testcase classname="loginlogoutscenario.CustomerModify5" name="navigate" time="5.723"/>
  <system-out/>
  <testcase classname="loginlogoutscenario.CustomerModify5" name="login" time="5.234"/>
  <system-out/>
  <testcase classname="loginlogoutscenario.CustomerModify5" name="minimizeFlyOutwindow" time="4.091"/>
  <system-out/>
  <testcase classname="loginlogoutscenario.CustomerModify5" name="createCustomer" time="5.902"/>
  <system-out/>
  <testcase classname="loginlogoutscenario.CustomerModify5" name="modifyCustomer" time="2.099"/>
  <system-out/>
  <testcase classname="loginlogoutscenario.CustomerModify5" name="deleteCustomer" time="6.292"/>
  <system-out/>
  <testcase classname="loginlogoutscenario.CustomerModify5" name="logout" time="2.224"/>
  <system-out/>
  <testcase classname="loginlogoutscenario.CustomerModify5" name="closeApp" time="0.260"/>
  <system-out/>
</testsuite> <!-- loginlogoutscenario.CustomerModify5 -->
