<?xml version="1.0" encoding="UTF-8"?>
<!-- Generated by org.testng.reporters.JUnitReportReporter -->
<testsuite hostname="RAJENDRA" failures="0" tests="2" name="com.sgtesting.testng.AssertNullDemo" time="0.010" errors="0" timestamp="2022-11-09T11:43:26 IST" skipped="0">
  <testcase classname="com.sgtesting.testng.AssertNullDemo" name="assertNullDemo" time="0.002"/>
  <system-out/>
  <testcase classname="com.sgtesting.testng.AssertNullDemo" name="assertNotNullDemo" time="0.008"/>
  <system-out/>
</testsuite> <!-- com.sgtesting.testng.AssertNullDemo -->
