<?xml version="1.0" encoding="UTF-8"?>
<!-- Generated by org.testng.reporters.JUnitReportReporter -->
<testsuite hostname="RAJENDRA" failures="0" tests="2" name="com.sgtesting.testng.AnnotationsSummary" time="0.048" errors="0" timestamp="2022-11-09T11:41:46 IST" skipped="0">
  <testcase classname="com.sgtesting.testng.AnnotationsSummary" name="method1" time="0.032"/>
  <system-out/>
  <testcase classname="com.sgtesting.testng.AnnotationsSummary" name="method2" time="0.016"/>
  <system-out/>
</testsuite> <!-- com.sgtesting.testng.AnnotationsSummary -->
