<?xml version="1.0" encoding="UTF-8"?>
<!-- Generated by org.testng.reporters.JUnitReportReporter -->
<testsuite hostname="RAJENDRA" failures="0" tests="2" name="com.sgtesting.testng.AssertSameDemo" time="0.009" errors="0" timestamp="2022-11-09T11:49:46 IST" skipped="0">
  <testcase classname="com.sgtesting.testng.AssertSameDemo" name="assertNotSameDemo" time="0.008"/>
  <system-out/>
  <testcase classname="com.sgtesting.testng.AssertSameDemo" name="assertSameDemo" time="0.001"/>
  <system-out/>
</testsuite> <!-- com.sgtesting.testng.AssertSameDemo -->
