<?xml version="1.0" encoding="UTF-8"?>
<!-- Generated by org.testng.reporters.JUnitReportReporter -->
<testsuite hostname="RAJENDRA" failures="0" tests="2" name="com.sgtesting.testng.AssertEqualsDemo" time="0.017" errors="0" timestamp="2022-11-09T15:07:07 IST" skipped="0">
  <testcase classname="com.sgtesting.testng.AssertEqualsDemo" name="assertNotEqualsDemo" time="0.003"/>
  <system-out/>
  <testcase classname="com.sgtesting.testng.AssertEqualsDemo" name="assertEqualsDemo" time="0.014"/>
  <system-out/>
</testsuite> <!-- com.sgtesting.testng.AssertEqualsDemo -->
