<?xml version="1.0" encoding="UTF-8"?>
<!-- Generated by org.testng.reporters.JUnitReportReporter -->
<testsuite skipped="0" hostname="RAJENDRA" name="com.sgtesting.actitime.driverscript.DriverScript" tests="1" failures="0" timestamp="2022-11-23T08:13:15 IST" time="24.934" errors="0">
  <testcase name="feature" time="24.934" classname="com.sgtesting.actitime.driverscript.DriverScript"/>
  <system-out/>
</testsuite> <!-- com.sgtesting.actitime.driverscript.DriverScript -->
