<?xml version="1.0" encoding="UTF-8"?>
<!-- Generated by org.testng.reporters.JUnitReportReporter -->
<testsuite hostname="RAJENDRA" failures="0" tests="3" name="com.sgtseting.actitime.stepdefination.Users" time="0.010" errors="0" timestamp="2022-11-22T12:34:40 IST" skipped="0">
  <testcase classname="com.sgtseting.actitime.stepdefination.Users" name="modifyUser" time="0.001"/>
  <system-out/>
  <testcase classname="com.sgtseting.actitime.stepdefination.Users" name="createUser" time="0.008"/>
  <system-out/>
  <testcase classname="com.sgtseting.actitime.stepdefination.Users" name="deleteUser" time="0.001"/>
  <system-out/>
</testsuite> <!-- com.sgtseting.actitime.stepdefination.Users -->
