<?xml version="1.0" encoding="UTF-8"?>
<!-- Generated by org.testng.reporters.JUnitReportReporter -->
<testsuite hostname="RAJENDRA" failures="0" tests="9" name="com.sgtesting.tests.testcases.Assignment1" time="33.431" errors="0" timestamp="2022-11-12T14:18:36 IST" skipped="0">
  <testcase classname="com.sgtesting.tests.testcases.Assignment1" name="launchbrowser" time="1.779"/>
  <system-out/>
  <testcase classname="com.sgtesting.tests.testcases.Assignment1" name="navigate" time="5.776"/>
  <system-out/>
  <testcase classname="com.sgtesting.tests.testcases.Assignment1" name="login" time="7.271"/>
  <system-out/>
  <testcase classname="com.sgtesting.tests.testcases.Assignment1" name="minimize" time="5.124"/>
  <system-out/>
  <testcase classname="com.sgtesting.tests.testcases.Assignment1" name="CreateUser" time="10.711"/>
  <system-out/>
  <testcase classname="com.sgtesting.tests.testcases.Assignment1" name="ModifyUser" time="0.038"/>
  <system-out/>
  <testcase classname="com.sgtesting.tests.testcases.Assignment1" name="DeleteUser" time="1.160"/>
  <system-out/>
  <testcase classname="com.sgtesting.tests.testcases.Assignment1" name="Logout" time="1.168"/>
  <system-out/>
  <testcase classname="com.sgtesting.tests.testcases.Assignment1" name="CloseApplication" time="0.404"/>
  <system-out/>
</testsuite> <!-- com.sgtesting.tests.testcases.Assignment1 -->
